[fernando@fernando extra]$ keytool -exportcert -list -v -alias 
androiddebugkey -keystore ~/.android/debug.keystore
Enter keystore password:  

*****************  WARNING WARNING WARNING  *****************
* The integrity of the information stored in your keystore  *
* has NOT been verified!  In order to verify its integrity, *
* you must provide your keystore password.                  *
*****************  WARNING WARNING WARNING  *****************

Alias name: androiddebugkey
Creation date: Sep 5, 2017
Entry type: PrivateKeyEntry
Certificate chain length: 1
Certificate[1]:
Owner: C=US, O=Android, CN=Android Debug
Issuer: C=US, O=Android, CN=Android Debug
Serial number: 1
Valid from: Tue Sep 05 09:55:56 ART 2017 until: Thu Aug 29 09:55:56 ART 
2047
Certificate fingerprints:
	 MD5:  69:E5:42:6A:43:4F:72:B9:DA:3B:62:3B:95:3B:92:25
	 SHA1: 
E2:DA:42:71:52:8D:A8:E0:D0:46:8C:ED:DA:47:29:FE:5E:8F:3E:54
	 SHA256: 
5B:C4:4F:42:15:90:42:1E:50:BE:6D:D1:7C:F8:34:26:66:76:DB:96:5A:6E:DC:50:5D:80:D0:C8:EB:D3:4A:DA
	 Signature algorithm name: SHA1withRSA
	 Version: 1

